{"uid":"1f71f05f794b88c0","name":"test_search_unicode_characters","fullName":"tests.ui.test_negative.TestNegative#test_search_unicode_characters","historyId":"0d58920e22e5965465aba63c9fbdbbb7","time":{"start":1771795655260,"stop":1771795726804,"duration":71544},"description":"Verify Unicode input (emoji, CJK) is handled gracefully.","descriptionHtml":"<p>Verify Unicode input (emoji, CJK) is handled gracefully.</p>\n","status":"broken","statusMessage":"selenium.common.exceptions.WebDriverException: Message: unknown error: ChromeDriver only supports characters in the BMP\n  (Session info: chrome=144.0.7559.109)\nStacktrace:\n#0 0x560fc5a1b4ba <unknown>\n#1 0x560fc5484492 <unknown>\n#2 0x560fc551bb74 <unknown>\n#3 0x560fc54d3821 <unknown>\n#4 0x560fc54d1bd2 <unknown>\n#5 0x560fc54cd0d7 <unknown>\n#6 0x560fc5522700 <unknown>\n#7 0x560fc54cb6a2 <unknown>\n#8 0x560fc54cc491 <unknown>\n#9 0x560fc59e1479 <unknown>\n#10 0x560fc59e4391 <unknown>\n#11 0x560fc59cda89 <unknown>\n#12 0x560fc59e4f4e <unknown>\n#13 0x560fc59b4070 <unknown>\n#14 0x560fc5a08ca8 <unknown>\n#15 0x560fc5a08e78 <unknown>\n#16 0x560fc5a1a828 <unknown>\n#17 0x7f8d5a09caa4 <unknown>\n#18 0x7f8d5a129c6c <unknown>","statusTrace":"tests/ui/test_negative.py:91: in test_search_unicode_characters\n    home.search_product(\"美容 serum \uD83C\uDF38\")\npages/home_page.py:59: in search_product\n    search_el.send_keys(query)\n/opt/hostedtoolcache/Python/3.13.11/x64/lib/python3.13/site-packages/selenium/webdriver/remote/webelement.py:231: in send_keys\n    self._execute(\n/opt/hostedtoolcache/Python/3.13.11/x64/lib/python3.13/site-packages/selenium/webdriver/remote/webelement.py:395: in _execute\n    return self._parent.execute(command, params)\n/opt/hostedtoolcache/Python/3.13.11/x64/lib/python3.13/site-packages/selenium/webdriver/remote/webdriver.py:384: in execute\n    self.error_handler.check_response(response)\n/opt/hostedtoolcache/Python/3.13.11/x64/lib/python3.13/site-packages/selenium/webdriver/remote/errorhandler.py:232: in check_response\n    raise exception_class(message, screen, stacktrace)\nE   selenium.common.exceptions.WebDriverException: Message: unknown error: ChromeDriver only supports characters in the BMP\nE     (Session info: chrome=144.0.7559.109)\nE   Stacktrace:\nE   #0 0x560fc5a1b4ba <unknown>\nE   #1 0x560fc5484492 <unknown>\nE   #2 0x560fc551bb74 <unknown>\nE   #3 0x560fc54d3821 <unknown>\nE   #4 0x560fc54d1bd2 <unknown>\nE   #5 0x560fc54cd0d7 <unknown>\nE   #6 0x560fc5522700 <unknown>\nE   #7 0x560fc54cb6a2 <unknown>\nE   #8 0x560fc54cc491 <unknown>\nE   #9 0x560fc59e1479 <unknown>\nE   #10 0x560fc59e4391 <unknown>\nE   #11 0x560fc59cda89 <unknown>\nE   #12 0x560fc59e4f4e <unknown>\nE   #13 0x560fc59b4070 <unknown>\nE   #14 0x560fc5a08ca8 <unknown>\nE   #15 0x560fc5a08e78 <unknown>\nE   #16 0x560fc5a1a828 <unknown>\nE   #17 0x7f8d5a09caa4 <unknown>\nE   #18 0x7f8d5a129c6c <unknown>","flaky":false,"newFailed":false,"newBroken":false,"newPassed":false,"retriesCount":0,"retriesStatusChange":false,"beforeStages":[{"name":"driver","time":{"start":1771795655008,"stop":1771795655260,"duration":252},"status":"passed","steps":[],"attachments":[],"parameters":[],"shouldDisplayMessage":false,"stepsCount":0,"attachmentsCount":0,"hasContent":false,"attachmentStep":false}],"testStage":{"description":"Verify Unicode input (emoji, CJK) is handled gracefully.","status":"broken","statusMessage":"selenium.common.exceptions.WebDriverException: Message: unknown error: ChromeDriver only supports characters in the BMP\n  (Session info: chrome=144.0.7559.109)\nStacktrace:\n#0 0x560fc5a1b4ba <unknown>\n#1 0x560fc5484492 <unknown>\n#2 0x560fc551bb74 <unknown>\n#3 0x560fc54d3821 <unknown>\n#4 0x560fc54d1bd2 <unknown>\n#5 0x560fc54cd0d7 <unknown>\n#6 0x560fc5522700 <unknown>\n#7 0x560fc54cb6a2 <unknown>\n#8 0x560fc54cc491 <unknown>\n#9 0x560fc59e1479 <unknown>\n#10 0x560fc59e4391 <unknown>\n#11 0x560fc59cda89 <unknown>\n#12 0x560fc59e4f4e <unknown>\n#13 0x560fc59b4070 <unknown>\n#14 0x560fc5a08ca8 <unknown>\n#15 0x560fc5a08e78 <unknown>\n#16 0x560fc5a1a828 <unknown>\n#17 0x7f8d5a09caa4 <unknown>\n#18 0x7f8d5a129c6c <unknown>","statusTrace":"tests/ui/test_negative.py:91: in test_search_unicode_characters\n    home.search_product(\"美容 serum \uD83C\uDF38\")\npages/home_page.py:59: in search_product\n    search_el.send_keys(query)\n/opt/hostedtoolcache/Python/3.13.11/x64/lib/python3.13/site-packages/selenium/webdriver/remote/webelement.py:231: in send_keys\n    self._execute(\n/opt/hostedtoolcache/Python/3.13.11/x64/lib/python3.13/site-packages/selenium/webdriver/remote/webelement.py:395: in _execute\n    return self._parent.execute(command, params)\n/opt/hostedtoolcache/Python/3.13.11/x64/lib/python3.13/site-packages/selenium/webdriver/remote/webdriver.py:384: in execute\n    self.error_handler.check_response(response)\n/opt/hostedtoolcache/Python/3.13.11/x64/lib/python3.13/site-packages/selenium/webdriver/remote/errorhandler.py:232: in check_response\n    raise exception_class(message, screen, stacktrace)\nE   selenium.common.exceptions.WebDriverException: Message: unknown error: ChromeDriver only supports characters in the BMP\nE     (Session info: chrome=144.0.7559.109)\nE   Stacktrace:\nE   #0 0x560fc5a1b4ba <unknown>\nE   #1 0x560fc5484492 <unknown>\nE   #2 0x560fc551bb74 <unknown>\nE   #3 0x560fc54d3821 <unknown>\nE   #4 0x560fc54d1bd2 <unknown>\nE   #5 0x560fc54cd0d7 <unknown>\nE   #6 0x560fc5522700 <unknown>\nE   #7 0x560fc54cb6a2 <unknown>\nE   #8 0x560fc54cc491 <unknown>\nE   #9 0x560fc59e1479 <unknown>\nE   #10 0x560fc59e4391 <unknown>\nE   #11 0x560fc59cda89 <unknown>\nE   #12 0x560fc59e4f4e <unknown>\nE   #13 0x560fc59b4070 <unknown>\nE   #14 0x560fc5a08ca8 <unknown>\nE   #15 0x560fc5a08e78 <unknown>\nE   #16 0x560fc5a1a828 <unknown>\nE   #17 0x7f8d5a09caa4 <unknown>\nE   #18 0x7f8d5a129c6c <unknown>","steps":[],"attachments":[{"uid":"d367f2d395299626","name":"log","source":"d367f2d395299626.txt","type":"text/plain","size":913},{"uid":"f4a8c423a612218b","name":"stdout","source":"f4a8c423a612218b.txt","type":"text/plain","size":2494}],"parameters":[],"shouldDisplayMessage":true,"stepsCount":0,"attachmentsCount":2,"hasContent":true,"attachmentStep":false},"afterStages":[{"name":"driver::0","time":{"start":1771795726828,"stop":1771795727252,"duration":424},"status":"passed","steps":[],"attachments":[],"parameters":[],"shouldDisplayMessage":false,"stepsCount":0,"attachmentsCount":0,"hasContent":false,"attachmentStep":false}],"labels":[{"name":"tag","value":"negative"},{"name":"tag","value":"ui"},{"name":"parentSuite","value":"tests.ui"},{"name":"suite","value":"test_negative"},{"name":"subSuite","value":"TestNegative"},{"name":"host","value":"runnervmwffz4"},{"name":"thread","value":"2370-MainThread"},{"name":"framework","value":"pytest"},{"name":"language","value":"cpython3"},{"name":"package","value":"tests.ui.test_negative"},{"name":"resultFormat","value":"allure2"}],"parameters":[],"links":[],"hidden":true,"retry":true,"extra":{"categories":[],"tags":["negative","ui"]},"source":"1f71f05f794b88c0.json","parameterValues":[]}