{"uid":"6862cde19779da5d","name":"test_search_unicode_characters","fullName":"tests.ui.test_negative.TestNegative#test_search_unicode_characters","historyId":"0d58920e22e5965465aba63c9fbdbbb7","time":{"start":1771795579894,"stop":1771795651522,"duration":71628},"description":"Verify Unicode input (emoji, CJK) is handled gracefully.","descriptionHtml":"<p>Verify Unicode input (emoji, CJK) is handled gracefully.</p>\n","status":"broken","statusMessage":"selenium.common.exceptions.WebDriverException: Message: unknown error: ChromeDriver only supports characters in the BMP\n  (Session info: chrome=144.0.7559.109)\nStacktrace:\n#0 0x55a06744a4ba <unknown>\n#1 0x55a066eb3492 <unknown>\n#2 0x55a066f4ab74 <unknown>\n#3 0x55a066f02821 <unknown>\n#4 0x55a066f00bd2 <unknown>\n#5 0x55a066efc0d7 <unknown>\n#6 0x55a066f51700 <unknown>\n#7 0x55a066efa6a2 <unknown>\n#8 0x55a066efb491 <unknown>\n#9 0x55a067410479 <unknown>\n#10 0x55a067413391 <unknown>\n#11 0x55a0673fca89 <unknown>\n#12 0x55a067413f4e <unknown>\n#13 0x55a0673e3070 <unknown>\n#14 0x55a067437ca8 <unknown>\n#15 0x55a067437e78 <unknown>\n#16 0x55a067449828 <unknown>\n#17 0x7f055d29caa4 <unknown>\n#18 0x7f055d329c6c <unknown>","statusTrace":"tests/ui/test_negative.py:91: in test_search_unicode_characters\n    home.search_product(\"美容 serum \uD83C\uDF38\")\npages/home_page.py:59: in search_product\n    search_el.send_keys(query)\n/opt/hostedtoolcache/Python/3.13.11/x64/lib/python3.13/site-packages/selenium/webdriver/remote/webelement.py:231: in send_keys\n    self._execute(\n/opt/hostedtoolcache/Python/3.13.11/x64/lib/python3.13/site-packages/selenium/webdriver/remote/webelement.py:395: in _execute\n    return self._parent.execute(command, params)\n/opt/hostedtoolcache/Python/3.13.11/x64/lib/python3.13/site-packages/selenium/webdriver/remote/webdriver.py:384: in execute\n    self.error_handler.check_response(response)\n/opt/hostedtoolcache/Python/3.13.11/x64/lib/python3.13/site-packages/selenium/webdriver/remote/errorhandler.py:232: in check_response\n    raise exception_class(message, screen, stacktrace)\nE   selenium.common.exceptions.WebDriverException: Message: unknown error: ChromeDriver only supports characters in the BMP\nE     (Session info: chrome=144.0.7559.109)\nE   Stacktrace:\nE   #0 0x55a06744a4ba <unknown>\nE   #1 0x55a066eb3492 <unknown>\nE   #2 0x55a066f4ab74 <unknown>\nE   #3 0x55a066f02821 <unknown>\nE   #4 0x55a066f00bd2 <unknown>\nE   #5 0x55a066efc0d7 <unknown>\nE   #6 0x55a066f51700 <unknown>\nE   #7 0x55a066efa6a2 <unknown>\nE   #8 0x55a066efb491 <unknown>\nE   #9 0x55a067410479 <unknown>\nE   #10 0x55a067413391 <unknown>\nE   #11 0x55a0673fca89 <unknown>\nE   #12 0x55a067413f4e <unknown>\nE   #13 0x55a0673e3070 <unknown>\nE   #14 0x55a067437ca8 <unknown>\nE   #15 0x55a067437e78 <unknown>\nE   #16 0x55a067449828 <unknown>\nE   #17 0x7f055d29caa4 <unknown>\nE   #18 0x7f055d329c6c <unknown>","flaky":false,"newFailed":false,"newBroken":false,"newPassed":false,"retriesCount":0,"retriesStatusChange":false,"beforeStages":[{"name":"driver","time":{"start":1771795579647,"stop":1771795579893,"duration":246},"status":"passed","steps":[],"attachments":[],"parameters":[],"shouldDisplayMessage":false,"stepsCount":0,"attachmentsCount":0,"hasContent":false,"attachmentStep":false}],"testStage":{"description":"Verify Unicode input (emoji, CJK) is handled gracefully.","status":"broken","statusMessage":"selenium.common.exceptions.WebDriverException: Message: unknown error: ChromeDriver only supports characters in the BMP\n  (Session info: chrome=144.0.7559.109)\nStacktrace:\n#0 0x55a06744a4ba <unknown>\n#1 0x55a066eb3492 <unknown>\n#2 0x55a066f4ab74 <unknown>\n#3 0x55a066f02821 <unknown>\n#4 0x55a066f00bd2 <unknown>\n#5 0x55a066efc0d7 <unknown>\n#6 0x55a066f51700 <unknown>\n#7 0x55a066efa6a2 <unknown>\n#8 0x55a066efb491 <unknown>\n#9 0x55a067410479 <unknown>\n#10 0x55a067413391 <unknown>\n#11 0x55a0673fca89 <unknown>\n#12 0x55a067413f4e <unknown>\n#13 0x55a0673e3070 <unknown>\n#14 0x55a067437ca8 <unknown>\n#15 0x55a067437e78 <unknown>\n#16 0x55a067449828 <unknown>\n#17 0x7f055d29caa4 <unknown>\n#18 0x7f055d329c6c <unknown>","statusTrace":"tests/ui/test_negative.py:91: in test_search_unicode_characters\n    home.search_product(\"美容 serum \uD83C\uDF38\")\npages/home_page.py:59: in search_product\n    search_el.send_keys(query)\n/opt/hostedtoolcache/Python/3.13.11/x64/lib/python3.13/site-packages/selenium/webdriver/remote/webelement.py:231: in send_keys\n    self._execute(\n/opt/hostedtoolcache/Python/3.13.11/x64/lib/python3.13/site-packages/selenium/webdriver/remote/webelement.py:395: in _execute\n    return self._parent.execute(command, params)\n/opt/hostedtoolcache/Python/3.13.11/x64/lib/python3.13/site-packages/selenium/webdriver/remote/webdriver.py:384: in execute\n    self.error_handler.check_response(response)\n/opt/hostedtoolcache/Python/3.13.11/x64/lib/python3.13/site-packages/selenium/webdriver/remote/errorhandler.py:232: in check_response\n    raise exception_class(message, screen, stacktrace)\nE   selenium.common.exceptions.WebDriverException: Message: unknown error: ChromeDriver only supports characters in the BMP\nE     (Session info: chrome=144.0.7559.109)\nE   Stacktrace:\nE   #0 0x55a06744a4ba <unknown>\nE   #1 0x55a066eb3492 <unknown>\nE   #2 0x55a066f4ab74 <unknown>\nE   #3 0x55a066f02821 <unknown>\nE   #4 0x55a066f00bd2 <unknown>\nE   #5 0x55a066efc0d7 <unknown>\nE   #6 0x55a066f51700 <unknown>\nE   #7 0x55a066efa6a2 <unknown>\nE   #8 0x55a066efb491 <unknown>\nE   #9 0x55a067410479 <unknown>\nE   #10 0x55a067413391 <unknown>\nE   #11 0x55a0673fca89 <unknown>\nE   #12 0x55a067413f4e <unknown>\nE   #13 0x55a0673e3070 <unknown>\nE   #14 0x55a067437ca8 <unknown>\nE   #15 0x55a067437e78 <unknown>\nE   #16 0x55a067449828 <unknown>\nE   #17 0x7f055d29caa4 <unknown>\nE   #18 0x7f055d329c6c <unknown>","steps":[],"attachments":[{"uid":"f98000de8059a5d2","name":"log","source":"f98000de8059a5d2.txt","type":"text/plain","size":456},{"uid":"90b7346288b6d912","name":"stdout","source":"90b7346288b6d912.txt","type":"text/plain","size":1247}],"parameters":[],"shouldDisplayMessage":true,"stepsCount":0,"attachmentsCount":2,"hasContent":true,"attachmentStep":false},"afterStages":[{"name":"driver::0","time":{"start":1771795651577,"stop":1771795652006,"duration":429},"status":"passed","steps":[],"attachments":[],"parameters":[],"shouldDisplayMessage":false,"stepsCount":0,"attachmentsCount":0,"hasContent":false,"attachmentStep":false}],"labels":[{"name":"tag","value":"negative"},{"name":"tag","value":"ui"},{"name":"parentSuite","value":"tests.ui"},{"name":"suite","value":"test_negative"},{"name":"subSuite","value":"TestNegative"},{"name":"host","value":"runnervmwffz4"},{"name":"thread","value":"2370-MainThread"},{"name":"framework","value":"pytest"},{"name":"language","value":"cpython3"},{"name":"package","value":"tests.ui.test_negative"},{"name":"resultFormat","value":"allure2"}],"parameters":[],"links":[],"hidden":true,"retry":true,"extra":{"categories":[],"tags":["negative","ui"]},"source":"6862cde19779da5d.json","parameterValues":[]}