{"uid":"6c0bd2a5ac91e404","name":"test_search_unicode_characters","fullName":"tests.ui.test_negative.TestNegative#test_search_unicode_characters","historyId":"0d58920e22e5965465aba63c9fbdbbb7","time":{"start":1771863387977,"stop":1771863459561,"duration":71584},"description":"Verify Unicode input (emoji, CJK) is handled gracefully.","descriptionHtml":"<p>Verify Unicode input (emoji, CJK) is handled gracefully.</p>\n","status":"broken","statusMessage":"selenium.common.exceptions.WebDriverException: Message: unknown error: ChromeDriver only supports characters in the BMP\n  (Session info: chrome=144.0.7559.109)\nStacktrace:\n#0 0x5644e08894ba <unknown>\n#1 0x5644e02f2492 <unknown>\n#2 0x5644e0389b74 <unknown>\n#3 0x5644e0341821 <unknown>\n#4 0x5644e033fbd2 <unknown>\n#5 0x5644e033b0d7 <unknown>\n#6 0x5644e0390700 <unknown>\n#7 0x5644e03396a2 <unknown>\n#8 0x5644e033a491 <unknown>\n#9 0x5644e084f479 <unknown>\n#10 0x5644e0852391 <unknown>\n#11 0x5644e083ba89 <unknown>\n#12 0x5644e0852f4e <unknown>\n#13 0x5644e0822070 <unknown>\n#14 0x5644e0876ca8 <unknown>\n#15 0x5644e0876e78 <unknown>\n#16 0x5644e0888828 <unknown>\n#17 0x7f3e0249caa4 <unknown>\n#18 0x7f3e02529c6c <unknown>","statusTrace":"tests/ui/test_negative.py:91: in test_search_unicode_characters\n    home.search_product(\"美容 serum \uD83C\uDF38\")\npages/home_page.py:59: in search_product\n    search_el.send_keys(query)\n/opt/hostedtoolcache/Python/3.13.11/x64/lib/python3.13/site-packages/selenium/webdriver/remote/webelement.py:231: in send_keys\n    self._execute(\n/opt/hostedtoolcache/Python/3.13.11/x64/lib/python3.13/site-packages/selenium/webdriver/remote/webelement.py:395: in _execute\n    return self._parent.execute(command, params)\n/opt/hostedtoolcache/Python/3.13.11/x64/lib/python3.13/site-packages/selenium/webdriver/remote/webdriver.py:384: in execute\n    self.error_handler.check_response(response)\n/opt/hostedtoolcache/Python/3.13.11/x64/lib/python3.13/site-packages/selenium/webdriver/remote/errorhandler.py:232: in check_response\n    raise exception_class(message, screen, stacktrace)\nE   selenium.common.exceptions.WebDriverException: Message: unknown error: ChromeDriver only supports characters in the BMP\nE     (Session info: chrome=144.0.7559.109)\nE   Stacktrace:\nE   #0 0x5644e08894ba <unknown>\nE   #1 0x5644e02f2492 <unknown>\nE   #2 0x5644e0389b74 <unknown>\nE   #3 0x5644e0341821 <unknown>\nE   #4 0x5644e033fbd2 <unknown>\nE   #5 0x5644e033b0d7 <unknown>\nE   #6 0x5644e0390700 <unknown>\nE   #7 0x5644e03396a2 <unknown>\nE   #8 0x5644e033a491 <unknown>\nE   #9 0x5644e084f479 <unknown>\nE   #10 0x5644e0852391 <unknown>\nE   #11 0x5644e083ba89 <unknown>\nE   #12 0x5644e0852f4e <unknown>\nE   #13 0x5644e0822070 <unknown>\nE   #14 0x5644e0876ca8 <unknown>\nE   #15 0x5644e0876e78 <unknown>\nE   #16 0x5644e0888828 <unknown>\nE   #17 0x7f3e0249caa4 <unknown>\nE   #18 0x7f3e02529c6c <unknown>","flaky":false,"newFailed":false,"newBroken":false,"newPassed":false,"retriesCount":0,"retriesStatusChange":false,"beforeStages":[{"name":"driver","time":{"start":1771863387730,"stop":1771863387976,"duration":246},"status":"passed","steps":[],"attachments":[],"parameters":[],"shouldDisplayMessage":false,"stepsCount":0,"attachmentsCount":0,"hasContent":false,"attachmentStep":false}],"testStage":{"description":"Verify Unicode input (emoji, CJK) is handled gracefully.","status":"broken","statusMessage":"selenium.common.exceptions.WebDriverException: Message: unknown error: ChromeDriver only supports characters in the BMP\n  (Session info: chrome=144.0.7559.109)\nStacktrace:\n#0 0x5644e08894ba <unknown>\n#1 0x5644e02f2492 <unknown>\n#2 0x5644e0389b74 <unknown>\n#3 0x5644e0341821 <unknown>\n#4 0x5644e033fbd2 <unknown>\n#5 0x5644e033b0d7 <unknown>\n#6 0x5644e0390700 <unknown>\n#7 0x5644e03396a2 <unknown>\n#8 0x5644e033a491 <unknown>\n#9 0x5644e084f479 <unknown>\n#10 0x5644e0852391 <unknown>\n#11 0x5644e083ba89 <unknown>\n#12 0x5644e0852f4e <unknown>\n#13 0x5644e0822070 <unknown>\n#14 0x5644e0876ca8 <unknown>\n#15 0x5644e0876e78 <unknown>\n#16 0x5644e0888828 <unknown>\n#17 0x7f3e0249caa4 <unknown>\n#18 0x7f3e02529c6c <unknown>","statusTrace":"tests/ui/test_negative.py:91: in test_search_unicode_characters\n    home.search_product(\"美容 serum \uD83C\uDF38\")\npages/home_page.py:59: in search_product\n    search_el.send_keys(query)\n/opt/hostedtoolcache/Python/3.13.11/x64/lib/python3.13/site-packages/selenium/webdriver/remote/webelement.py:231: in send_keys\n    self._execute(\n/opt/hostedtoolcache/Python/3.13.11/x64/lib/python3.13/site-packages/selenium/webdriver/remote/webelement.py:395: in _execute\n    return self._parent.execute(command, params)\n/opt/hostedtoolcache/Python/3.13.11/x64/lib/python3.13/site-packages/selenium/webdriver/remote/webdriver.py:384: in execute\n    self.error_handler.check_response(response)\n/opt/hostedtoolcache/Python/3.13.11/x64/lib/python3.13/site-packages/selenium/webdriver/remote/errorhandler.py:232: in check_response\n    raise exception_class(message, screen, stacktrace)\nE   selenium.common.exceptions.WebDriverException: Message: unknown error: ChromeDriver only supports characters in the BMP\nE     (Session info: chrome=144.0.7559.109)\nE   Stacktrace:\nE   #0 0x5644e08894ba <unknown>\nE   #1 0x5644e02f2492 <unknown>\nE   #2 0x5644e0389b74 <unknown>\nE   #3 0x5644e0341821 <unknown>\nE   #4 0x5644e033fbd2 <unknown>\nE   #5 0x5644e033b0d7 <unknown>\nE   #6 0x5644e0390700 <unknown>\nE   #7 0x5644e03396a2 <unknown>\nE   #8 0x5644e033a491 <unknown>\nE   #9 0x5644e084f479 <unknown>\nE   #10 0x5644e0852391 <unknown>\nE   #11 0x5644e083ba89 <unknown>\nE   #12 0x5644e0852f4e <unknown>\nE   #13 0x5644e0822070 <unknown>\nE   #14 0x5644e0876ca8 <unknown>\nE   #15 0x5644e0876e78 <unknown>\nE   #16 0x5644e0888828 <unknown>\nE   #17 0x7f3e0249caa4 <unknown>\nE   #18 0x7f3e02529c6c <unknown>","steps":[],"attachments":[{"uid":"2d8033371be939f0","name":"log","source":"2d8033371be939f0.txt","type":"text/plain","size":913},{"uid":"42b29b7950d39c9e","name":"stdout","source":"42b29b7950d39c9e.txt","type":"text/plain","size":2494}],"parameters":[],"shouldDisplayMessage":true,"stepsCount":0,"attachmentsCount":2,"hasContent":true,"attachmentStep":false},"afterStages":[{"name":"driver::0","time":{"start":1771863459587,"stop":1771863460058,"duration":471},"status":"passed","steps":[],"attachments":[],"parameters":[],"shouldDisplayMessage":false,"stepsCount":0,"attachmentsCount":0,"hasContent":false,"attachmentStep":false}],"labels":[{"name":"tag","value":"negative"},{"name":"tag","value":"ui"},{"name":"parentSuite","value":"tests.ui"},{"name":"suite","value":"test_negative"},{"name":"subSuite","value":"TestNegative"},{"name":"host","value":"runnervmwffz4"},{"name":"thread","value":"2294-MainThread"},{"name":"framework","value":"pytest"},{"name":"language","value":"cpython3"},{"name":"package","value":"tests.ui.test_negative"},{"name":"resultFormat","value":"allure2"}],"parameters":[],"links":[],"hidden":true,"retry":true,"extra":{"categories":[],"tags":["negative","ui"]},"source":"6c0bd2a5ac91e404.json","parameterValues":[]}