{"uid":"8b0530d172981978","name":"test_search_unicode_characters","fullName":"tests.ui.test_negative.TestNegative#test_search_unicode_characters","historyId":"0d58920e22e5965465aba63c9fbdbbb7","time":{"start":1771795730507,"stop":1771795801821,"duration":71314},"description":"Verify Unicode input (emoji, CJK) is handled gracefully.","descriptionHtml":"<p>Verify Unicode input (emoji, CJK) is handled gracefully.</p>\n","status":"broken","statusMessage":"selenium.common.exceptions.WebDriverException: Message: unknown error: ChromeDriver only supports characters in the BMP\n  (Session info: chrome=144.0.7559.109)\nStacktrace:\n#0 0x5623eeddb4ba <unknown>\n#1 0x5623ee844492 <unknown>\n#2 0x5623ee8dbb74 <unknown>\n#3 0x5623ee893821 <unknown>\n#4 0x5623ee891bd2 <unknown>\n#5 0x5623ee88d0d7 <unknown>\n#6 0x5623ee8e2700 <unknown>\n#7 0x5623ee88b6a2 <unknown>\n#8 0x5623ee88c491 <unknown>\n#9 0x5623eeda1479 <unknown>\n#10 0x5623eeda4391 <unknown>\n#11 0x5623eed8da89 <unknown>\n#12 0x5623eeda4f4e <unknown>\n#13 0x5623eed74070 <unknown>\n#14 0x5623eedc8ca8 <unknown>\n#15 0x5623eedc8e78 <unknown>\n#16 0x5623eedda828 <unknown>\n#17 0x7fbc85c9caa4 <unknown>\n#18 0x7fbc85d29c6c <unknown>","statusTrace":"tests/ui/test_negative.py:91: in test_search_unicode_characters\n    home.search_product(\"美容 serum \uD83C\uDF38\")\npages/home_page.py:59: in search_product\n    search_el.send_keys(query)\n/opt/hostedtoolcache/Python/3.13.11/x64/lib/python3.13/site-packages/selenium/webdriver/remote/webelement.py:231: in send_keys\n    self._execute(\n/opt/hostedtoolcache/Python/3.13.11/x64/lib/python3.13/site-packages/selenium/webdriver/remote/webelement.py:395: in _execute\n    return self._parent.execute(command, params)\n/opt/hostedtoolcache/Python/3.13.11/x64/lib/python3.13/site-packages/selenium/webdriver/remote/webdriver.py:384: in execute\n    self.error_handler.check_response(response)\n/opt/hostedtoolcache/Python/3.13.11/x64/lib/python3.13/site-packages/selenium/webdriver/remote/errorhandler.py:232: in check_response\n    raise exception_class(message, screen, stacktrace)\nE   selenium.common.exceptions.WebDriverException: Message: unknown error: ChromeDriver only supports characters in the BMP\nE     (Session info: chrome=144.0.7559.109)\nE   Stacktrace:\nE   #0 0x5623eeddb4ba <unknown>\nE   #1 0x5623ee844492 <unknown>\nE   #2 0x5623ee8dbb74 <unknown>\nE   #3 0x5623ee893821 <unknown>\nE   #4 0x5623ee891bd2 <unknown>\nE   #5 0x5623ee88d0d7 <unknown>\nE   #6 0x5623ee8e2700 <unknown>\nE   #7 0x5623ee88b6a2 <unknown>\nE   #8 0x5623ee88c491 <unknown>\nE   #9 0x5623eeda1479 <unknown>\nE   #10 0x5623eeda4391 <unknown>\nE   #11 0x5623eed8da89 <unknown>\nE   #12 0x5623eeda4f4e <unknown>\nE   #13 0x5623eed74070 <unknown>\nE   #14 0x5623eedc8ca8 <unknown>\nE   #15 0x5623eedc8e78 <unknown>\nE   #16 0x5623eedda828 <unknown>\nE   #17 0x7fbc85c9caa4 <unknown>\nE   #18 0x7fbc85d29c6c <unknown>","flaky":false,"newFailed":false,"newBroken":false,"newPassed":false,"retriesCount":2,"retriesStatusChange":false,"beforeStages":[{"name":"driver","time":{"start":1771795730254,"stop":1771795730507,"duration":253},"status":"passed","steps":[],"attachments":[],"parameters":[],"shouldDisplayMessage":false,"stepsCount":0,"attachmentsCount":0,"hasContent":false,"attachmentStep":false}],"testStage":{"description":"Verify Unicode input (emoji, CJK) is handled gracefully.","status":"broken","statusMessage":"selenium.common.exceptions.WebDriverException: Message: unknown error: ChromeDriver only supports characters in the BMP\n  (Session info: chrome=144.0.7559.109)\nStacktrace:\n#0 0x5623eeddb4ba <unknown>\n#1 0x5623ee844492 <unknown>\n#2 0x5623ee8dbb74 <unknown>\n#3 0x5623ee893821 <unknown>\n#4 0x5623ee891bd2 <unknown>\n#5 0x5623ee88d0d7 <unknown>\n#6 0x5623ee8e2700 <unknown>\n#7 0x5623ee88b6a2 <unknown>\n#8 0x5623ee88c491 <unknown>\n#9 0x5623eeda1479 <unknown>\n#10 0x5623eeda4391 <unknown>\n#11 0x5623eed8da89 <unknown>\n#12 0x5623eeda4f4e <unknown>\n#13 0x5623eed74070 <unknown>\n#14 0x5623eedc8ca8 <unknown>\n#15 0x5623eedc8e78 <unknown>\n#16 0x5623eedda828 <unknown>\n#17 0x7fbc85c9caa4 <unknown>\n#18 0x7fbc85d29c6c <unknown>","statusTrace":"tests/ui/test_negative.py:91: in test_search_unicode_characters\n    home.search_product(\"美容 serum \uD83C\uDF38\")\npages/home_page.py:59: in search_product\n    search_el.send_keys(query)\n/opt/hostedtoolcache/Python/3.13.11/x64/lib/python3.13/site-packages/selenium/webdriver/remote/webelement.py:231: in send_keys\n    self._execute(\n/opt/hostedtoolcache/Python/3.13.11/x64/lib/python3.13/site-packages/selenium/webdriver/remote/webelement.py:395: in _execute\n    return self._parent.execute(command, params)\n/opt/hostedtoolcache/Python/3.13.11/x64/lib/python3.13/site-packages/selenium/webdriver/remote/webdriver.py:384: in execute\n    self.error_handler.check_response(response)\n/opt/hostedtoolcache/Python/3.13.11/x64/lib/python3.13/site-packages/selenium/webdriver/remote/errorhandler.py:232: in check_response\n    raise exception_class(message, screen, stacktrace)\nE   selenium.common.exceptions.WebDriverException: Message: unknown error: ChromeDriver only supports characters in the BMP\nE     (Session info: chrome=144.0.7559.109)\nE   Stacktrace:\nE   #0 0x5623eeddb4ba <unknown>\nE   #1 0x5623ee844492 <unknown>\nE   #2 0x5623ee8dbb74 <unknown>\nE   #3 0x5623ee893821 <unknown>\nE   #4 0x5623ee891bd2 <unknown>\nE   #5 0x5623ee88d0d7 <unknown>\nE   #6 0x5623ee8e2700 <unknown>\nE   #7 0x5623ee88b6a2 <unknown>\nE   #8 0x5623ee88c491 <unknown>\nE   #9 0x5623eeda1479 <unknown>\nE   #10 0x5623eeda4391 <unknown>\nE   #11 0x5623eed8da89 <unknown>\nE   #12 0x5623eeda4f4e <unknown>\nE   #13 0x5623eed74070 <unknown>\nE   #14 0x5623eedc8ca8 <unknown>\nE   #15 0x5623eedc8e78 <unknown>\nE   #16 0x5623eedda828 <unknown>\nE   #17 0x7fbc85c9caa4 <unknown>\nE   #18 0x7fbc85d29c6c <unknown>","steps":[],"attachments":[{"uid":"261eaba1a6a64701","name":"log","source":"261eaba1a6a64701.txt","type":"text/plain","size":1370},{"uid":"ebdd2d156da391fb","name":"stdout","source":"ebdd2d156da391fb.txt","type":"text/plain","size":3741}],"parameters":[],"shouldDisplayMessage":true,"stepsCount":0,"attachmentsCount":2,"hasContent":true,"attachmentStep":false},"afterStages":[{"name":"driver::0","time":{"start":1771795801845,"stop":1771795802287,"duration":442},"status":"passed","steps":[],"attachments":[],"parameters":[],"shouldDisplayMessage":false,"stepsCount":0,"attachmentsCount":0,"hasContent":false,"attachmentStep":false}],"labels":[{"name":"tag","value":"negative"},{"name":"tag","value":"ui"},{"name":"parentSuite","value":"tests.ui"},{"name":"suite","value":"test_negative"},{"name":"subSuite","value":"TestNegative"},{"name":"host","value":"runnervmwffz4"},{"name":"thread","value":"2370-MainThread"},{"name":"framework","value":"pytest"},{"name":"language","value":"cpython3"},{"name":"package","value":"tests.ui.test_negative"},{"name":"resultFormat","value":"allure2"}],"parameters":[],"links":[],"hidden":false,"retry":false,"extra":{"severity":"normal","retries":[{"uid":"1f71f05f794b88c0","status":"broken","statusDetails":"selenium.common.exceptions.WebDriverException: Message: unknown error: ChromeDriver only supports characters in the BMP\n  (Session info: chrome=144.0.7559.109)\nStacktrace:\n#0 0x560fc5a1b4ba <unknown>\n#1 0x560fc5484492 <unknown>\n#2 0x560fc551bb74 <unknown>\n#3 0x560fc54d3821 <unknown>\n#4 0x560fc54d1bd2 <unknown>\n#5 0x560fc54cd0d7 <unknown>\n#6 0x560fc5522700 <unknown>\n#7 0x560fc54cb6a2 <unknown>\n#8 0x560fc54cc491 <unknown>\n#9 0x560fc59e1479 <unknown>\n#10 0x560fc59e4391 <unknown>\n#11 0x560fc59cda89 <unknown>\n#12 0x560fc59e4f4e <unknown>\n#13 0x560fc59b4070 <unknown>\n#14 0x560fc5a08ca8 <unknown>\n#15 0x560fc5a08e78 <unknown>\n#16 0x560fc5a1a828 <unknown>\n#17 0x7f8d5a09caa4 <unknown>\n#18 0x7f8d5a129c6c <unknown>","time":{"start":1771795655260,"stop":1771795726804,"duration":71544}},{"uid":"6862cde19779da5d","status":"broken","statusDetails":"selenium.common.exceptions.WebDriverException: Message: unknown error: ChromeDriver only supports characters in the BMP\n  (Session info: chrome=144.0.7559.109)\nStacktrace:\n#0 0x55a06744a4ba <unknown>\n#1 0x55a066eb3492 <unknown>\n#2 0x55a066f4ab74 <unknown>\n#3 0x55a066f02821 <unknown>\n#4 0x55a066f00bd2 <unknown>\n#5 0x55a066efc0d7 <unknown>\n#6 0x55a066f51700 <unknown>\n#7 0x55a066efa6a2 <unknown>\n#8 0x55a066efb491 <unknown>\n#9 0x55a067410479 <unknown>\n#10 0x55a067413391 <unknown>\n#11 0x55a0673fca89 <unknown>\n#12 0x55a067413f4e <unknown>\n#13 0x55a0673e3070 <unknown>\n#14 0x55a067437ca8 <unknown>\n#15 0x55a067437e78 <unknown>\n#16 0x55a067449828 <unknown>\n#17 0x7f055d29caa4 <unknown>\n#18 0x7f055d329c6c <unknown>","time":{"start":1771795579894,"stop":1771795651522,"duration":71628}}],"categories":[{"name":"Test defects","matchedStatuses":[]}],"tags":["negative","ui"]},"source":"8b0530d172981978.json","parameterValues":[]}