{"uid":"b13b9fb976d52ad8","name":"test_search_unicode_characters","fullName":"tests.ui.test_negative.TestNegative#test_search_unicode_characters","historyId":"0d58920e22e5965465aba63c9fbdbbb7","time":{"start":1771863302939,"stop":1771863374305,"duration":71366},"description":"Verify Unicode input (emoji, CJK) is handled gracefully.","descriptionHtml":"<p>Verify Unicode input (emoji, CJK) is handled gracefully.</p>\n","status":"broken","statusMessage":"selenium.common.exceptions.WebDriverException: Message: unknown error: ChromeDriver only supports characters in the BMP\n  (Session info: chrome=144.0.7559.109)\nStacktrace:\n#0 0x559c28d454ba <unknown>\n#1 0x559c287ae492 <unknown>\n#2 0x559c28845b74 <unknown>\n#3 0x559c287fd821 <unknown>\n#4 0x559c287fbbd2 <unknown>\n#5 0x559c287f70d7 <unknown>\n#6 0x559c2884c700 <unknown>\n#7 0x559c287f56a2 <unknown>\n#8 0x559c287f6491 <unknown>\n#9 0x559c28d0b479 <unknown>\n#10 0x559c28d0e391 <unknown>\n#11 0x559c28cf7a89 <unknown>\n#12 0x559c28d0ef4e <unknown>\n#13 0x559c28cde070 <unknown>\n#14 0x559c28d32ca8 <unknown>\n#15 0x559c28d32e78 <unknown>\n#16 0x559c28d44828 <unknown>\n#17 0x7f3cb0c9caa4 <unknown>\n#18 0x7f3cb0d29c6c <unknown>","statusTrace":"tests/ui/test_negative.py:91: in test_search_unicode_characters\n    home.search_product(\"美容 serum \uD83C\uDF38\")\npages/home_page.py:59: in search_product\n    search_el.send_keys(query)\n/opt/hostedtoolcache/Python/3.13.11/x64/lib/python3.13/site-packages/selenium/webdriver/remote/webelement.py:231: in send_keys\n    self._execute(\n/opt/hostedtoolcache/Python/3.13.11/x64/lib/python3.13/site-packages/selenium/webdriver/remote/webelement.py:395: in _execute\n    return self._parent.execute(command, params)\n/opt/hostedtoolcache/Python/3.13.11/x64/lib/python3.13/site-packages/selenium/webdriver/remote/webdriver.py:384: in execute\n    self.error_handler.check_response(response)\n/opt/hostedtoolcache/Python/3.13.11/x64/lib/python3.13/site-packages/selenium/webdriver/remote/errorhandler.py:232: in check_response\n    raise exception_class(message, screen, stacktrace)\nE   selenium.common.exceptions.WebDriverException: Message: unknown error: ChromeDriver only supports characters in the BMP\nE     (Session info: chrome=144.0.7559.109)\nE   Stacktrace:\nE   #0 0x559c28d454ba <unknown>\nE   #1 0x559c287ae492 <unknown>\nE   #2 0x559c28845b74 <unknown>\nE   #3 0x559c287fd821 <unknown>\nE   #4 0x559c287fbbd2 <unknown>\nE   #5 0x559c287f70d7 <unknown>\nE   #6 0x559c2884c700 <unknown>\nE   #7 0x559c287f56a2 <unknown>\nE   #8 0x559c287f6491 <unknown>\nE   #9 0x559c28d0b479 <unknown>\nE   #10 0x559c28d0e391 <unknown>\nE   #11 0x559c28cf7a89 <unknown>\nE   #12 0x559c28d0ef4e <unknown>\nE   #13 0x559c28cde070 <unknown>\nE   #14 0x559c28d32ca8 <unknown>\nE   #15 0x559c28d32e78 <unknown>\nE   #16 0x559c28d44828 <unknown>\nE   #17 0x7f3cb0c9caa4 <unknown>\nE   #18 0x7f3cb0d29c6c <unknown>","flaky":false,"newFailed":false,"newBroken":false,"newPassed":false,"retriesCount":0,"retriesStatusChange":false,"beforeStages":[{"name":"driver","time":{"start":1771863302728,"stop":1771863302939,"duration":211},"status":"passed","steps":[],"attachments":[],"parameters":[],"shouldDisplayMessage":false,"stepsCount":0,"attachmentsCount":0,"hasContent":false,"attachmentStep":false}],"testStage":{"description":"Verify Unicode input (emoji, CJK) is handled gracefully.","status":"broken","statusMessage":"selenium.common.exceptions.WebDriverException: Message: unknown error: ChromeDriver only supports characters in the BMP\n  (Session info: chrome=144.0.7559.109)\nStacktrace:\n#0 0x559c28d454ba <unknown>\n#1 0x559c287ae492 <unknown>\n#2 0x559c28845b74 <unknown>\n#3 0x559c287fd821 <unknown>\n#4 0x559c287fbbd2 <unknown>\n#5 0x559c287f70d7 <unknown>\n#6 0x559c2884c700 <unknown>\n#7 0x559c287f56a2 <unknown>\n#8 0x559c287f6491 <unknown>\n#9 0x559c28d0b479 <unknown>\n#10 0x559c28d0e391 <unknown>\n#11 0x559c28cf7a89 <unknown>\n#12 0x559c28d0ef4e <unknown>\n#13 0x559c28cde070 <unknown>\n#14 0x559c28d32ca8 <unknown>\n#15 0x559c28d32e78 <unknown>\n#16 0x559c28d44828 <unknown>\n#17 0x7f3cb0c9caa4 <unknown>\n#18 0x7f3cb0d29c6c <unknown>","statusTrace":"tests/ui/test_negative.py:91: in test_search_unicode_characters\n    home.search_product(\"美容 serum \uD83C\uDF38\")\npages/home_page.py:59: in search_product\n    search_el.send_keys(query)\n/opt/hostedtoolcache/Python/3.13.11/x64/lib/python3.13/site-packages/selenium/webdriver/remote/webelement.py:231: in send_keys\n    self._execute(\n/opt/hostedtoolcache/Python/3.13.11/x64/lib/python3.13/site-packages/selenium/webdriver/remote/webelement.py:395: in _execute\n    return self._parent.execute(command, params)\n/opt/hostedtoolcache/Python/3.13.11/x64/lib/python3.13/site-packages/selenium/webdriver/remote/webdriver.py:384: in execute\n    self.error_handler.check_response(response)\n/opt/hostedtoolcache/Python/3.13.11/x64/lib/python3.13/site-packages/selenium/webdriver/remote/errorhandler.py:232: in check_response\n    raise exception_class(message, screen, stacktrace)\nE   selenium.common.exceptions.WebDriverException: Message: unknown error: ChromeDriver only supports characters in the BMP\nE     (Session info: chrome=144.0.7559.109)\nE   Stacktrace:\nE   #0 0x559c28d454ba <unknown>\nE   #1 0x559c287ae492 <unknown>\nE   #2 0x559c28845b74 <unknown>\nE   #3 0x559c287fd821 <unknown>\nE   #4 0x559c287fbbd2 <unknown>\nE   #5 0x559c287f70d7 <unknown>\nE   #6 0x559c2884c700 <unknown>\nE   #7 0x559c287f56a2 <unknown>\nE   #8 0x559c287f6491 <unknown>\nE   #9 0x559c28d0b479 <unknown>\nE   #10 0x559c28d0e391 <unknown>\nE   #11 0x559c28cf7a89 <unknown>\nE   #12 0x559c28d0ef4e <unknown>\nE   #13 0x559c28cde070 <unknown>\nE   #14 0x559c28d32ca8 <unknown>\nE   #15 0x559c28d32e78 <unknown>\nE   #16 0x559c28d44828 <unknown>\nE   #17 0x7f3cb0c9caa4 <unknown>\nE   #18 0x7f3cb0d29c6c <unknown>","steps":[],"attachments":[{"uid":"29116f02d78f53fd","name":"log","source":"29116f02d78f53fd.txt","type":"text/plain","size":456},{"uid":"15f2bc186a894683","name":"stdout","source":"15f2bc186a894683.txt","type":"text/plain","size":1247}],"parameters":[],"shouldDisplayMessage":true,"stepsCount":0,"attachmentsCount":2,"hasContent":true,"attachmentStep":false},"afterStages":[{"name":"driver::0","time":{"start":1771863374347,"stop":1771863374758,"duration":411},"status":"passed","steps":[],"attachments":[],"parameters":[],"shouldDisplayMessage":false,"stepsCount":0,"attachmentsCount":0,"hasContent":false,"attachmentStep":false}],"labels":[{"name":"tag","value":"negative"},{"name":"tag","value":"ui"},{"name":"parentSuite","value":"tests.ui"},{"name":"suite","value":"test_negative"},{"name":"subSuite","value":"TestNegative"},{"name":"host","value":"runnervmwffz4"},{"name":"thread","value":"2308-MainThread"},{"name":"framework","value":"pytest"},{"name":"language","value":"cpython3"},{"name":"package","value":"tests.ui.test_negative"},{"name":"resultFormat","value":"allure2"}],"parameters":[],"links":[],"hidden":true,"retry":true,"extra":{"categories":[],"tags":["negative","ui"]},"source":"b13b9fb976d52ad8.json","parameterValues":[]}