{"uid":"c3a8bd3672f8da5a","name":"test_search_unicode_characters","fullName":"tests.ui.test_negative.TestNegative#test_search_unicode_characters","historyId":"0d58920e22e5965465aba63c9fbdbbb7","time":{"start":1771863377972,"stop":1771863449957,"duration":71985},"description":"Verify Unicode input (emoji, CJK) is handled gracefully.","descriptionHtml":"<p>Verify Unicode input (emoji, CJK) is handled gracefully.</p>\n","status":"broken","statusMessage":"selenium.common.exceptions.WebDriverException: Message: unknown error: ChromeDriver only supports characters in the BMP\n  (Session info: chrome=144.0.7559.109)\nStacktrace:\n#0 0x555b64edc4ba <unknown>\n#1 0x555b64945492 <unknown>\n#2 0x555b649dcb74 <unknown>\n#3 0x555b64994821 <unknown>\n#4 0x555b64992bd2 <unknown>\n#5 0x555b6498e0d7 <unknown>\n#6 0x555b649e3700 <unknown>\n#7 0x555b6498c6a2 <unknown>\n#8 0x555b6498d491 <unknown>\n#9 0x555b64ea2479 <unknown>\n#10 0x555b64ea5391 <unknown>\n#11 0x555b64e8ea89 <unknown>\n#12 0x555b64ea5f4e <unknown>\n#13 0x555b64e75070 <unknown>\n#14 0x555b64ec9ca8 <unknown>\n#15 0x555b64ec9e78 <unknown>\n#16 0x555b64edb828 <unknown>\n#17 0x7fecf0c9caa4 <unknown>\n#18 0x7fecf0d29c6c <unknown>","statusTrace":"tests/ui/test_negative.py:91: in test_search_unicode_characters\n    home.search_product(\"美容 serum \uD83C\uDF38\")\npages/home_page.py:59: in search_product\n    search_el.send_keys(query)\n/opt/hostedtoolcache/Python/3.13.11/x64/lib/python3.13/site-packages/selenium/webdriver/remote/webelement.py:231: in send_keys\n    self._execute(\n/opt/hostedtoolcache/Python/3.13.11/x64/lib/python3.13/site-packages/selenium/webdriver/remote/webelement.py:395: in _execute\n    return self._parent.execute(command, params)\n/opt/hostedtoolcache/Python/3.13.11/x64/lib/python3.13/site-packages/selenium/webdriver/remote/webdriver.py:384: in execute\n    self.error_handler.check_response(response)\n/opt/hostedtoolcache/Python/3.13.11/x64/lib/python3.13/site-packages/selenium/webdriver/remote/errorhandler.py:232: in check_response\n    raise exception_class(message, screen, stacktrace)\nE   selenium.common.exceptions.WebDriverException: Message: unknown error: ChromeDriver only supports characters in the BMP\nE     (Session info: chrome=144.0.7559.109)\nE   Stacktrace:\nE   #0 0x555b64edc4ba <unknown>\nE   #1 0x555b64945492 <unknown>\nE   #2 0x555b649dcb74 <unknown>\nE   #3 0x555b64994821 <unknown>\nE   #4 0x555b64992bd2 <unknown>\nE   #5 0x555b6498e0d7 <unknown>\nE   #6 0x555b649e3700 <unknown>\nE   #7 0x555b6498c6a2 <unknown>\nE   #8 0x555b6498d491 <unknown>\nE   #9 0x555b64ea2479 <unknown>\nE   #10 0x555b64ea5391 <unknown>\nE   #11 0x555b64e8ea89 <unknown>\nE   #12 0x555b64ea5f4e <unknown>\nE   #13 0x555b64e75070 <unknown>\nE   #14 0x555b64ec9ca8 <unknown>\nE   #15 0x555b64ec9e78 <unknown>\nE   #16 0x555b64edb828 <unknown>\nE   #17 0x7fecf0c9caa4 <unknown>\nE   #18 0x7fecf0d29c6c <unknown>","flaky":false,"newFailed":false,"newBroken":false,"newPassed":false,"retriesCount":0,"retriesStatusChange":false,"beforeStages":[{"name":"driver","time":{"start":1771863377760,"stop":1771863377971,"duration":211},"status":"passed","steps":[],"attachments":[],"parameters":[],"shouldDisplayMessage":false,"stepsCount":0,"attachmentsCount":0,"hasContent":false,"attachmentStep":false}],"testStage":{"description":"Verify Unicode input (emoji, CJK) is handled gracefully.","status":"broken","statusMessage":"selenium.common.exceptions.WebDriverException: Message: unknown error: ChromeDriver only supports characters in the BMP\n  (Session info: chrome=144.0.7559.109)\nStacktrace:\n#0 0x555b64edc4ba <unknown>\n#1 0x555b64945492 <unknown>\n#2 0x555b649dcb74 <unknown>\n#3 0x555b64994821 <unknown>\n#4 0x555b64992bd2 <unknown>\n#5 0x555b6498e0d7 <unknown>\n#6 0x555b649e3700 <unknown>\n#7 0x555b6498c6a2 <unknown>\n#8 0x555b6498d491 <unknown>\n#9 0x555b64ea2479 <unknown>\n#10 0x555b64ea5391 <unknown>\n#11 0x555b64e8ea89 <unknown>\n#12 0x555b64ea5f4e <unknown>\n#13 0x555b64e75070 <unknown>\n#14 0x555b64ec9ca8 <unknown>\n#15 0x555b64ec9e78 <unknown>\n#16 0x555b64edb828 <unknown>\n#17 0x7fecf0c9caa4 <unknown>\n#18 0x7fecf0d29c6c <unknown>","statusTrace":"tests/ui/test_negative.py:91: in test_search_unicode_characters\n    home.search_product(\"美容 serum \uD83C\uDF38\")\npages/home_page.py:59: in search_product\n    search_el.send_keys(query)\n/opt/hostedtoolcache/Python/3.13.11/x64/lib/python3.13/site-packages/selenium/webdriver/remote/webelement.py:231: in send_keys\n    self._execute(\n/opt/hostedtoolcache/Python/3.13.11/x64/lib/python3.13/site-packages/selenium/webdriver/remote/webelement.py:395: in _execute\n    return self._parent.execute(command, params)\n/opt/hostedtoolcache/Python/3.13.11/x64/lib/python3.13/site-packages/selenium/webdriver/remote/webdriver.py:384: in execute\n    self.error_handler.check_response(response)\n/opt/hostedtoolcache/Python/3.13.11/x64/lib/python3.13/site-packages/selenium/webdriver/remote/errorhandler.py:232: in check_response\n    raise exception_class(message, screen, stacktrace)\nE   selenium.common.exceptions.WebDriverException: Message: unknown error: ChromeDriver only supports characters in the BMP\nE     (Session info: chrome=144.0.7559.109)\nE   Stacktrace:\nE   #0 0x555b64edc4ba <unknown>\nE   #1 0x555b64945492 <unknown>\nE   #2 0x555b649dcb74 <unknown>\nE   #3 0x555b64994821 <unknown>\nE   #4 0x555b64992bd2 <unknown>\nE   #5 0x555b6498e0d7 <unknown>\nE   #6 0x555b649e3700 <unknown>\nE   #7 0x555b6498c6a2 <unknown>\nE   #8 0x555b6498d491 <unknown>\nE   #9 0x555b64ea2479 <unknown>\nE   #10 0x555b64ea5391 <unknown>\nE   #11 0x555b64e8ea89 <unknown>\nE   #12 0x555b64ea5f4e <unknown>\nE   #13 0x555b64e75070 <unknown>\nE   #14 0x555b64ec9ca8 <unknown>\nE   #15 0x555b64ec9e78 <unknown>\nE   #16 0x555b64edb828 <unknown>\nE   #17 0x7fecf0c9caa4 <unknown>\nE   #18 0x7fecf0d29c6c <unknown>","steps":[],"attachments":[{"uid":"b06b8f3c06b6f4fd","name":"log","source":"b06b8f3c06b6f4fd.txt","type":"text/plain","size":913},{"uid":"581bfbc20dd1ff50","name":"stdout","source":"581bfbc20dd1ff50.txt","type":"text/plain","size":2494}],"parameters":[],"shouldDisplayMessage":true,"stepsCount":0,"attachmentsCount":2,"hasContent":true,"attachmentStep":false},"afterStages":[{"name":"driver::0","time":{"start":1771863449983,"stop":1771863450381,"duration":398},"status":"passed","steps":[],"attachments":[],"parameters":[],"shouldDisplayMessage":false,"stepsCount":0,"attachmentsCount":0,"hasContent":false,"attachmentStep":false}],"labels":[{"name":"tag","value":"negative"},{"name":"tag","value":"ui"},{"name":"parentSuite","value":"tests.ui"},{"name":"suite","value":"test_negative"},{"name":"subSuite","value":"TestNegative"},{"name":"host","value":"runnervmwffz4"},{"name":"thread","value":"2308-MainThread"},{"name":"framework","value":"pytest"},{"name":"language","value":"cpython3"},{"name":"package","value":"tests.ui.test_negative"},{"name":"resultFormat","value":"allure2"}],"parameters":[],"links":[],"hidden":true,"retry":true,"extra":{"categories":[],"tags":["negative","ui"]},"source":"c3a8bd3672f8da5a.json","parameterValues":[]}