{"uid":"d72e0f324a059a28","name":"test_search_unicode_characters","fullName":"tests.ui.test_negative.TestNegative#test_search_unicode_characters","historyId":"0d58920e22e5965465aba63c9fbdbbb7","time":{"start":1771863453591,"stop":1771863525144,"duration":71553},"description":"Verify Unicode input (emoji, CJK) is handled gracefully.","descriptionHtml":"<p>Verify Unicode input (emoji, CJK) is handled gracefully.</p>\n","status":"broken","statusMessage":"selenium.common.exceptions.WebDriverException: Message: unknown error: ChromeDriver only supports characters in the BMP\n  (Session info: chrome=144.0.7559.109)\nStacktrace:\n#0 0x556e3c9c54ba <unknown>\n#1 0x556e3c42e492 <unknown>\n#2 0x556e3c4c5b74 <unknown>\n#3 0x556e3c47d821 <unknown>\n#4 0x556e3c47bbd2 <unknown>\n#5 0x556e3c4770d7 <unknown>\n#6 0x556e3c4cc700 <unknown>\n#7 0x556e3c4756a2 <unknown>\n#8 0x556e3c476491 <unknown>\n#9 0x556e3c98b479 <unknown>\n#10 0x556e3c98e391 <unknown>\n#11 0x556e3c977a89 <unknown>\n#12 0x556e3c98ef4e <unknown>\n#13 0x556e3c95e070 <unknown>\n#14 0x556e3c9b2ca8 <unknown>\n#15 0x556e3c9b2e78 <unknown>\n#16 0x556e3c9c4828 <unknown>\n#17 0x7f56d089caa4 <unknown>\n#18 0x7f56d0929c6c <unknown>","statusTrace":"tests/ui/test_negative.py:91: in test_search_unicode_characters\n    home.search_product(\"美容 serum \uD83C\uDF38\")\npages/home_page.py:59: in search_product\n    search_el.send_keys(query)\n/opt/hostedtoolcache/Python/3.13.11/x64/lib/python3.13/site-packages/selenium/webdriver/remote/webelement.py:231: in send_keys\n    self._execute(\n/opt/hostedtoolcache/Python/3.13.11/x64/lib/python3.13/site-packages/selenium/webdriver/remote/webelement.py:395: in _execute\n    return self._parent.execute(command, params)\n/opt/hostedtoolcache/Python/3.13.11/x64/lib/python3.13/site-packages/selenium/webdriver/remote/webdriver.py:384: in execute\n    self.error_handler.check_response(response)\n/opt/hostedtoolcache/Python/3.13.11/x64/lib/python3.13/site-packages/selenium/webdriver/remote/errorhandler.py:232: in check_response\n    raise exception_class(message, screen, stacktrace)\nE   selenium.common.exceptions.WebDriverException: Message: unknown error: ChromeDriver only supports characters in the BMP\nE     (Session info: chrome=144.0.7559.109)\nE   Stacktrace:\nE   #0 0x556e3c9c54ba <unknown>\nE   #1 0x556e3c42e492 <unknown>\nE   #2 0x556e3c4c5b74 <unknown>\nE   #3 0x556e3c47d821 <unknown>\nE   #4 0x556e3c47bbd2 <unknown>\nE   #5 0x556e3c4770d7 <unknown>\nE   #6 0x556e3c4cc700 <unknown>\nE   #7 0x556e3c4756a2 <unknown>\nE   #8 0x556e3c476491 <unknown>\nE   #9 0x556e3c98b479 <unknown>\nE   #10 0x556e3c98e391 <unknown>\nE   #11 0x556e3c977a89 <unknown>\nE   #12 0x556e3c98ef4e <unknown>\nE   #13 0x556e3c95e070 <unknown>\nE   #14 0x556e3c9b2ca8 <unknown>\nE   #15 0x556e3c9b2e78 <unknown>\nE   #16 0x556e3c9c4828 <unknown>\nE   #17 0x7f56d089caa4 <unknown>\nE   #18 0x7f56d0929c6c <unknown>","flaky":false,"newFailed":false,"newBroken":false,"newPassed":false,"retriesCount":2,"retriesStatusChange":false,"beforeStages":[{"name":"driver","time":{"start":1771863453383,"stop":1771863453591,"duration":208},"status":"passed","steps":[],"attachments":[],"parameters":[],"shouldDisplayMessage":false,"stepsCount":0,"attachmentsCount":0,"hasContent":false,"attachmentStep":false}],"testStage":{"description":"Verify Unicode input (emoji, CJK) is handled gracefully.","status":"broken","statusMessage":"selenium.common.exceptions.WebDriverException: Message: unknown error: ChromeDriver only supports characters in the BMP\n  (Session info: chrome=144.0.7559.109)\nStacktrace:\n#0 0x556e3c9c54ba <unknown>\n#1 0x556e3c42e492 <unknown>\n#2 0x556e3c4c5b74 <unknown>\n#3 0x556e3c47d821 <unknown>\n#4 0x556e3c47bbd2 <unknown>\n#5 0x556e3c4770d7 <unknown>\n#6 0x556e3c4cc700 <unknown>\n#7 0x556e3c4756a2 <unknown>\n#8 0x556e3c476491 <unknown>\n#9 0x556e3c98b479 <unknown>\n#10 0x556e3c98e391 <unknown>\n#11 0x556e3c977a89 <unknown>\n#12 0x556e3c98ef4e <unknown>\n#13 0x556e3c95e070 <unknown>\n#14 0x556e3c9b2ca8 <unknown>\n#15 0x556e3c9b2e78 <unknown>\n#16 0x556e3c9c4828 <unknown>\n#17 0x7f56d089caa4 <unknown>\n#18 0x7f56d0929c6c <unknown>","statusTrace":"tests/ui/test_negative.py:91: in test_search_unicode_characters\n    home.search_product(\"美容 serum \uD83C\uDF38\")\npages/home_page.py:59: in search_product\n    search_el.send_keys(query)\n/opt/hostedtoolcache/Python/3.13.11/x64/lib/python3.13/site-packages/selenium/webdriver/remote/webelement.py:231: in send_keys\n    self._execute(\n/opt/hostedtoolcache/Python/3.13.11/x64/lib/python3.13/site-packages/selenium/webdriver/remote/webelement.py:395: in _execute\n    return self._parent.execute(command, params)\n/opt/hostedtoolcache/Python/3.13.11/x64/lib/python3.13/site-packages/selenium/webdriver/remote/webdriver.py:384: in execute\n    self.error_handler.check_response(response)\n/opt/hostedtoolcache/Python/3.13.11/x64/lib/python3.13/site-packages/selenium/webdriver/remote/errorhandler.py:232: in check_response\n    raise exception_class(message, screen, stacktrace)\nE   selenium.common.exceptions.WebDriverException: Message: unknown error: ChromeDriver only supports characters in the BMP\nE     (Session info: chrome=144.0.7559.109)\nE   Stacktrace:\nE   #0 0x556e3c9c54ba <unknown>\nE   #1 0x556e3c42e492 <unknown>\nE   #2 0x556e3c4c5b74 <unknown>\nE   #3 0x556e3c47d821 <unknown>\nE   #4 0x556e3c47bbd2 <unknown>\nE   #5 0x556e3c4770d7 <unknown>\nE   #6 0x556e3c4cc700 <unknown>\nE   #7 0x556e3c4756a2 <unknown>\nE   #8 0x556e3c476491 <unknown>\nE   #9 0x556e3c98b479 <unknown>\nE   #10 0x556e3c98e391 <unknown>\nE   #11 0x556e3c977a89 <unknown>\nE   #12 0x556e3c98ef4e <unknown>\nE   #13 0x556e3c95e070 <unknown>\nE   #14 0x556e3c9b2ca8 <unknown>\nE   #15 0x556e3c9b2e78 <unknown>\nE   #16 0x556e3c9c4828 <unknown>\nE   #17 0x7f56d089caa4 <unknown>\nE   #18 0x7f56d0929c6c <unknown>","steps":[],"attachments":[{"uid":"46ebb89f0e20b5dd","name":"log","source":"46ebb89f0e20b5dd.txt","type":"text/plain","size":1370},{"uid":"f5a0c0696db7e23c","name":"stdout","source":"f5a0c0696db7e23c.txt","type":"text/plain","size":3741}],"parameters":[],"shouldDisplayMessage":true,"stepsCount":0,"attachmentsCount":2,"hasContent":true,"attachmentStep":false},"afterStages":[{"name":"driver::0","time":{"start":1771863525164,"stop":1771863525550,"duration":386},"status":"passed","steps":[],"attachments":[],"parameters":[],"shouldDisplayMessage":false,"stepsCount":0,"attachmentsCount":0,"hasContent":false,"attachmentStep":false}],"labels":[{"name":"tag","value":"negative"},{"name":"tag","value":"ui"},{"name":"parentSuite","value":"tests.ui"},{"name":"suite","value":"test_negative"},{"name":"subSuite","value":"TestNegative"},{"name":"host","value":"runnervmwffz4"},{"name":"thread","value":"2308-MainThread"},{"name":"framework","value":"pytest"},{"name":"language","value":"cpython3"},{"name":"package","value":"tests.ui.test_negative"},{"name":"resultFormat","value":"allure2"}],"parameters":[],"links":[],"hidden":false,"retry":false,"extra":{"severity":"normal","retries":[{"uid":"c3a8bd3672f8da5a","status":"broken","statusDetails":"selenium.common.exceptions.WebDriverException: Message: unknown error: ChromeDriver only supports characters in the BMP\n  (Session info: chrome=144.0.7559.109)\nStacktrace:\n#0 0x555b64edc4ba <unknown>\n#1 0x555b64945492 <unknown>\n#2 0x555b649dcb74 <unknown>\n#3 0x555b64994821 <unknown>\n#4 0x555b64992bd2 <unknown>\n#5 0x555b6498e0d7 <unknown>\n#6 0x555b649e3700 <unknown>\n#7 0x555b6498c6a2 <unknown>\n#8 0x555b6498d491 <unknown>\n#9 0x555b64ea2479 <unknown>\n#10 0x555b64ea5391 <unknown>\n#11 0x555b64e8ea89 <unknown>\n#12 0x555b64ea5f4e <unknown>\n#13 0x555b64e75070 <unknown>\n#14 0x555b64ec9ca8 <unknown>\n#15 0x555b64ec9e78 <unknown>\n#16 0x555b64edb828 <unknown>\n#17 0x7fecf0c9caa4 <unknown>\n#18 0x7fecf0d29c6c <unknown>","time":{"start":1771863377972,"stop":1771863449957,"duration":71985}},{"uid":"b13b9fb976d52ad8","status":"broken","statusDetails":"selenium.common.exceptions.WebDriverException: Message: unknown error: ChromeDriver only supports characters in the BMP\n  (Session info: chrome=144.0.7559.109)\nStacktrace:\n#0 0x559c28d454ba <unknown>\n#1 0x559c287ae492 <unknown>\n#2 0x559c28845b74 <unknown>\n#3 0x559c287fd821 <unknown>\n#4 0x559c287fbbd2 <unknown>\n#5 0x559c287f70d7 <unknown>\n#6 0x559c2884c700 <unknown>\n#7 0x559c287f56a2 <unknown>\n#8 0x559c287f6491 <unknown>\n#9 0x559c28d0b479 <unknown>\n#10 0x559c28d0e391 <unknown>\n#11 0x559c28cf7a89 <unknown>\n#12 0x559c28d0ef4e <unknown>\n#13 0x559c28cde070 <unknown>\n#14 0x559c28d32ca8 <unknown>\n#15 0x559c28d32e78 <unknown>\n#16 0x559c28d44828 <unknown>\n#17 0x7f3cb0c9caa4 <unknown>\n#18 0x7f3cb0d29c6c <unknown>","time":{"start":1771863302939,"stop":1771863374305,"duration":71366}}],"categories":[{"name":"Test defects","matchedStatuses":[]}],"tags":["negative","ui"]},"source":"d72e0f324a059a28.json","parameterValues":[]}