{"uid":"f681f37d89e8c584","name":"test_search_unicode_characters","fullName":"tests.ui.test_negative.TestNegative#test_search_unicode_characters","historyId":"0d58920e22e5965465aba63c9fbdbbb7","time":{"start":1771863463313,"stop":1771863535214,"duration":71901},"description":"Verify Unicode input (emoji, CJK) is handled gracefully.","descriptionHtml":"<p>Verify Unicode input (emoji, CJK) is handled gracefully.</p>\n","status":"broken","statusMessage":"selenium.common.exceptions.WebDriverException: Message: unknown error: ChromeDriver only supports characters in the BMP\n  (Session info: chrome=144.0.7559.109)\nStacktrace:\n#0 0x55a3e31a24ba <unknown>\n#1 0x55a3e2c0b492 <unknown>\n#2 0x55a3e2ca2b74 <unknown>\n#3 0x55a3e2c5a821 <unknown>\n#4 0x55a3e2c58bd2 <unknown>\n#5 0x55a3e2c540d7 <unknown>\n#6 0x55a3e2ca9700 <unknown>\n#7 0x55a3e2c526a2 <unknown>\n#8 0x55a3e2c53491 <unknown>\n#9 0x55a3e3168479 <unknown>\n#10 0x55a3e316b391 <unknown>\n#11 0x55a3e3154a89 <unknown>\n#12 0x55a3e316bf4e <unknown>\n#13 0x55a3e313b070 <unknown>\n#14 0x55a3e318fca8 <unknown>\n#15 0x55a3e318fe78 <unknown>\n#16 0x55a3e31a1828 <unknown>\n#17 0x7f4b3ae9caa4 <unknown>\n#18 0x7f4b3af29c6c <unknown>","statusTrace":"tests/ui/test_negative.py:91: in test_search_unicode_characters\n    home.search_product(\"美容 serum \uD83C\uDF38\")\npages/home_page.py:59: in search_product\n    search_el.send_keys(query)\n/opt/hostedtoolcache/Python/3.13.11/x64/lib/python3.13/site-packages/selenium/webdriver/remote/webelement.py:231: in send_keys\n    self._execute(\n/opt/hostedtoolcache/Python/3.13.11/x64/lib/python3.13/site-packages/selenium/webdriver/remote/webelement.py:395: in _execute\n    return self._parent.execute(command, params)\n/opt/hostedtoolcache/Python/3.13.11/x64/lib/python3.13/site-packages/selenium/webdriver/remote/webdriver.py:384: in execute\n    self.error_handler.check_response(response)\n/opt/hostedtoolcache/Python/3.13.11/x64/lib/python3.13/site-packages/selenium/webdriver/remote/errorhandler.py:232: in check_response\n    raise exception_class(message, screen, stacktrace)\nE   selenium.common.exceptions.WebDriverException: Message: unknown error: ChromeDriver only supports characters in the BMP\nE     (Session info: chrome=144.0.7559.109)\nE   Stacktrace:\nE   #0 0x55a3e31a24ba <unknown>\nE   #1 0x55a3e2c0b492 <unknown>\nE   #2 0x55a3e2ca2b74 <unknown>\nE   #3 0x55a3e2c5a821 <unknown>\nE   #4 0x55a3e2c58bd2 <unknown>\nE   #5 0x55a3e2c540d7 <unknown>\nE   #6 0x55a3e2ca9700 <unknown>\nE   #7 0x55a3e2c526a2 <unknown>\nE   #8 0x55a3e2c53491 <unknown>\nE   #9 0x55a3e3168479 <unknown>\nE   #10 0x55a3e316b391 <unknown>\nE   #11 0x55a3e3154a89 <unknown>\nE   #12 0x55a3e316bf4e <unknown>\nE   #13 0x55a3e313b070 <unknown>\nE   #14 0x55a3e318fca8 <unknown>\nE   #15 0x55a3e318fe78 <unknown>\nE   #16 0x55a3e31a1828 <unknown>\nE   #17 0x7f4b3ae9caa4 <unknown>\nE   #18 0x7f4b3af29c6c <unknown>","flaky":false,"newFailed":false,"newBroken":false,"newPassed":false,"retriesCount":2,"retriesStatusChange":false,"beforeStages":[{"name":"driver","time":{"start":1771863463061,"stop":1771863463313,"duration":252},"status":"passed","steps":[],"attachments":[],"parameters":[],"shouldDisplayMessage":false,"stepsCount":0,"attachmentsCount":0,"hasContent":false,"attachmentStep":false}],"testStage":{"description":"Verify Unicode input (emoji, CJK) is handled gracefully.","status":"broken","statusMessage":"selenium.common.exceptions.WebDriverException: Message: unknown error: ChromeDriver only supports characters in the BMP\n  (Session info: chrome=144.0.7559.109)\nStacktrace:\n#0 0x55a3e31a24ba <unknown>\n#1 0x55a3e2c0b492 <unknown>\n#2 0x55a3e2ca2b74 <unknown>\n#3 0x55a3e2c5a821 <unknown>\n#4 0x55a3e2c58bd2 <unknown>\n#5 0x55a3e2c540d7 <unknown>\n#6 0x55a3e2ca9700 <unknown>\n#7 0x55a3e2c526a2 <unknown>\n#8 0x55a3e2c53491 <unknown>\n#9 0x55a3e3168479 <unknown>\n#10 0x55a3e316b391 <unknown>\n#11 0x55a3e3154a89 <unknown>\n#12 0x55a3e316bf4e <unknown>\n#13 0x55a3e313b070 <unknown>\n#14 0x55a3e318fca8 <unknown>\n#15 0x55a3e318fe78 <unknown>\n#16 0x55a3e31a1828 <unknown>\n#17 0x7f4b3ae9caa4 <unknown>\n#18 0x7f4b3af29c6c <unknown>","statusTrace":"tests/ui/test_negative.py:91: in test_search_unicode_characters\n    home.search_product(\"美容 serum \uD83C\uDF38\")\npages/home_page.py:59: in search_product\n    search_el.send_keys(query)\n/opt/hostedtoolcache/Python/3.13.11/x64/lib/python3.13/site-packages/selenium/webdriver/remote/webelement.py:231: in send_keys\n    self._execute(\n/opt/hostedtoolcache/Python/3.13.11/x64/lib/python3.13/site-packages/selenium/webdriver/remote/webelement.py:395: in _execute\n    return self._parent.execute(command, params)\n/opt/hostedtoolcache/Python/3.13.11/x64/lib/python3.13/site-packages/selenium/webdriver/remote/webdriver.py:384: in execute\n    self.error_handler.check_response(response)\n/opt/hostedtoolcache/Python/3.13.11/x64/lib/python3.13/site-packages/selenium/webdriver/remote/errorhandler.py:232: in check_response\n    raise exception_class(message, screen, stacktrace)\nE   selenium.common.exceptions.WebDriverException: Message: unknown error: ChromeDriver only supports characters in the BMP\nE     (Session info: chrome=144.0.7559.109)\nE   Stacktrace:\nE   #0 0x55a3e31a24ba <unknown>\nE   #1 0x55a3e2c0b492 <unknown>\nE   #2 0x55a3e2ca2b74 <unknown>\nE   #3 0x55a3e2c5a821 <unknown>\nE   #4 0x55a3e2c58bd2 <unknown>\nE   #5 0x55a3e2c540d7 <unknown>\nE   #6 0x55a3e2ca9700 <unknown>\nE   #7 0x55a3e2c526a2 <unknown>\nE   #8 0x55a3e2c53491 <unknown>\nE   #9 0x55a3e3168479 <unknown>\nE   #10 0x55a3e316b391 <unknown>\nE   #11 0x55a3e3154a89 <unknown>\nE   #12 0x55a3e316bf4e <unknown>\nE   #13 0x55a3e313b070 <unknown>\nE   #14 0x55a3e318fca8 <unknown>\nE   #15 0x55a3e318fe78 <unknown>\nE   #16 0x55a3e31a1828 <unknown>\nE   #17 0x7f4b3ae9caa4 <unknown>\nE   #18 0x7f4b3af29c6c <unknown>","steps":[],"attachments":[{"uid":"9bf1844f70048864","name":"log","source":"9bf1844f70048864.txt","type":"text/plain","size":1370},{"uid":"18b5850c80402e62","name":"stdout","source":"18b5850c80402e62.txt","type":"text/plain","size":3741}],"parameters":[],"shouldDisplayMessage":true,"stepsCount":0,"attachmentsCount":2,"hasContent":true,"attachmentStep":false},"afterStages":[{"name":"driver::0","time":{"start":1771863535238,"stop":1771863535647,"duration":409},"status":"passed","steps":[],"attachments":[],"parameters":[],"shouldDisplayMessage":false,"stepsCount":0,"attachmentsCount":0,"hasContent":false,"attachmentStep":false}],"labels":[{"name":"tag","value":"negative"},{"name":"tag","value":"ui"},{"name":"parentSuite","value":"tests.ui"},{"name":"suite","value":"test_negative"},{"name":"subSuite","value":"TestNegative"},{"name":"host","value":"runnervmwffz4"},{"name":"thread","value":"2294-MainThread"},{"name":"framework","value":"pytest"},{"name":"language","value":"cpython3"},{"name":"package","value":"tests.ui.test_negative"},{"name":"resultFormat","value":"allure2"}],"parameters":[],"links":[],"hidden":false,"retry":false,"extra":{"severity":"normal","retries":[{"uid":"6c0bd2a5ac91e404","status":"broken","statusDetails":"selenium.common.exceptions.WebDriverException: Message: unknown error: ChromeDriver only supports characters in the BMP\n  (Session info: chrome=144.0.7559.109)\nStacktrace:\n#0 0x5644e08894ba <unknown>\n#1 0x5644e02f2492 <unknown>\n#2 0x5644e0389b74 <unknown>\n#3 0x5644e0341821 <unknown>\n#4 0x5644e033fbd2 <unknown>\n#5 0x5644e033b0d7 <unknown>\n#6 0x5644e0390700 <unknown>\n#7 0x5644e03396a2 <unknown>\n#8 0x5644e033a491 <unknown>\n#9 0x5644e084f479 <unknown>\n#10 0x5644e0852391 <unknown>\n#11 0x5644e083ba89 <unknown>\n#12 0x5644e0852f4e <unknown>\n#13 0x5644e0822070 <unknown>\n#14 0x5644e0876ca8 <unknown>\n#15 0x5644e0876e78 <unknown>\n#16 0x5644e0888828 <unknown>\n#17 0x7f3e0249caa4 <unknown>\n#18 0x7f3e02529c6c <unknown>","time":{"start":1771863387977,"stop":1771863459561,"duration":71584}},{"uid":"878983d1134edf91","status":"broken","statusDetails":"selenium.common.exceptions.WebDriverException: Message: unknown error: ChromeDriver only supports characters in the BMP\n  (Session info: chrome=144.0.7559.109)\nStacktrace:\n#0 0x563b8ab1f4ba <unknown>\n#1 0x563b8a588492 <unknown>\n#2 0x563b8a61fb74 <unknown>\n#3 0x563b8a5d7821 <unknown>\n#4 0x563b8a5d5bd2 <unknown>\n#5 0x563b8a5d10d7 <unknown>\n#6 0x563b8a626700 <unknown>\n#7 0x563b8a5cf6a2 <unknown>\n#8 0x563b8a5d0491 <unknown>\n#9 0x563b8aae5479 <unknown>\n#10 0x563b8aae8391 <unknown>\n#11 0x563b8aad1a89 <unknown>\n#12 0x563b8aae8f4e <unknown>\n#13 0x563b8aab8070 <unknown>\n#14 0x563b8ab0cca8 <unknown>\n#15 0x563b8ab0ce78 <unknown>\n#16 0x563b8ab1e828 <unknown>\n#17 0x7f3f29a9caa4 <unknown>\n#18 0x7f3f29b29c6c <unknown>","time":{"start":1771863312787,"stop":1771863384195,"duration":71408}}],"categories":[{"name":"Test defects","matchedStatuses":[]}],"tags":["negative","ui"]},"source":"f681f37d89e8c584.json","parameterValues":[]}